firebase_app_check/intermediates/manifest_merge_blame_file/debug/manifest-merger-blame-debug-report.txt
1<?xml version="1.0" encoding="utf-8"?>
2<manifest xmlns:android="http://schemas.android.com/apk/res/android"
3    package="io.flutter.plugins.firebase.appcheck" >
4
5    <uses-sdk android:minSdkVersion="21" />
6
7    <application>
7-->src\main\AndroidManifest.xml:3:1-8:15
8        <service android:name="com.google.firebase.components.ComponentDiscoveryService" >
8-->src\main\AndroidManifest.xml:4:3-7:13
8-->src\main\AndroidManifest.xml:4:12-83
9            <meta-data
9-->src\main\AndroidManifest.xml:5:5-6:84
10                android:name="com.google.firebase.components:io.flutter.plugins.firebase.appcheck.FlutterFirebaseAppRegistrar"
10-->src\main\AndroidManifest.xml:5:16-126
11                android:value="com.google.firebase.components.ComponentRegistrar" />
11-->src\main\AndroidManifest.xml:6:16-81
12        </service>
13    </application>
14
15</manifest>